<?xml version="1.0" encoding="UTF-8"?>
<testsuites>
    <testsuite name="login-into-mantis;login-successful" tests="5" failures="0" skipped="0">
        <properties>
            <property name="URI" value="C:/Users/Esteb/Documents/GitHub/Proyecto-MISO4208/testerxp/testerxp-worker-bdt-2.0/features/login.feature">
            </property>
        </properties>
        <testcase name="Given I go to Mantis home screen" classname="login-into-mantis;login-successful" time="0.000773601">
        </testcase>
        <testcase name="When I fill username" classname="login-into-mantis;login-successful" time="0.001444">
        </testcase>
        <testcase name="And I fill password" classname="login-into-mantis;login-successful" time="0.000382999">
        </testcase>
        <testcase name="And I try to login" classname="login-into-mantis;login-successful" time="0.000387701">
        </testcase>
        <testcase name="Then I already logged" classname="login-into-mantis;login-successful" time="0.001295">
        </testcase>
    </testsuite>
</testsuites>