<?xml version="1.0" encoding="UTF-8"?>
<testsuites>
    <testsuite name="searching-for-vote-cards-app;google-search-for-vote-cards-app" tests="2" failures="0" skipped="2">
        <properties>
            <property name="URI" value="C:/Users/NicX/Documents/GitHub/Proyecto-MISO4208/testerxp/testerxp-worker-bdt/features/google-search.feature">
            </property>
        </properties>
        <testcase name="When I search Google for &quot;itunes vote cards app&quot;" classname="searching-for-vote-cards-app;google-search-for-vote-cards-app">
            <skipped message="">
            </skipped>
        </testcase>
        <testcase name="Then I should see some results" classname="searching-for-vote-cards-app;google-search-for-vote-cards-app">
            <skipped message="">
            </skipped>
        </testcase>
    </testsuite>
</testsuites>